<?xml version="1.0" encoding="UTF-8" standalone="no"?>
<!DOCTYPE log SYSTEM "logger.dtd">
<log>
<record>
  <date>2022-11-29T09:35:47.693-0300</date>
  <logger>IVYNA LAVINIA DE OLIVEIRA RUFINO</logger>
  <level>FINE</level>
  <message>File 120210129-IVYNA LAVINIA DE OLIVEIRA RUFINO.zip was received. It was sent by IVYNA LAVINIA DE OLIVEIRA RUFINO from IP 150.165.42.112 at 29-11-2022 09*35*47</message>
</record>
</log>
<?xml version="1.0" encoding="UTF-8" standalone="no"?>
<!DOCTYPE log SYSTEM "logger.dtd">
<log>
<record>
  <date>2022-11-29T09:54:41.956-0300</date>
  <logger>IVYNA LAVINIA DE OLIVEIRA RUFINO</logger>
  <level>FINE</level>
  <message>File 120210129-IVYNA LAVINIA DE OLIVEIRA RUFINO.zip was received. It was sent by IVYNA LAVINIA DE OLIVEIRA RUFINO from IP 150.165.42.112 at 29-11-2022 09*54*41</message>
</record>
</log>
<?xml version="1.0" encoding="UTF-8" standalone="no"?>
<!DOCTYPE log SYSTEM "logger.dtd">
<log>
<record>
  <date>2022-11-29T09:55:31.940-0300</date>
  <logger>IVYNA LAVINIA DE OLIVEIRA RUFINO</logger>
  <level>FINE</level>
  <message>File 120210129-IVYNA LAVINIA DE OLIVEIRA RUFINO.zip was received. It was sent by IVYNA LAVINIA DE OLIVEIRA RUFINO from IP 150.165.42.112 at 29-11-2022 09*55*31</message>
</record>
