<?xml version="1.0" encoding="UTF-8" standalone="no"?>
<!DOCTYPE log SYSTEM "logger.dtd">
<log>
<record>
  <date>2022-10-25T08:59:50.786-0300</date>
  <logger>IVYNA LAVINIA DE OLIVEIRA RUFINO</logger>
  <level>FINE</level>
  <message>File 120210129-IVYNA LAVINIA DE OLIVEIRA RUFINO.zip was received. It was sent by IVYNA LAVINIA DE OLIVEIRA RUFINO from IP 150.165.42.112 at 25-10-2022 08*59*50</message>
</record>
</log>
<?xml version="1.0" encoding="UTF-8" standalone="no"?>
<!DOCTYPE log SYSTEM "logger.dtd">
<log>
<record>
  <date>2022-10-29T20:10:24.938-0300</date>
  <logger>IVYNA LAVINIA DE OLIVEIRA RUFINO</logger>
  <level>FINE</level>
  <message>File 120210129-IVYNA LAVINIA DE OLIVEIRA RUFINO.zip was received. It was sent by IVYNA LAVINIA DE OLIVEIRA RUFINO from IP 192.168.1.7 at 29-10-2022 20*10*24</message>
</record>
</log>
<?xml version="1.0" encoding="UTF-8" standalone="no"?>
<!DOCTYPE log SYSTEM "logger.dtd">
<log>
<record>
  <date>2022-11-02T17:01:39.463-0300</date>
  <logger>IVYNA LAVINIA DE OLIVEIRA RUFINO</logger>
  <level>FINE</level>
  <message>File 120210129-IVYNA LAVINIA DE OLIVEIRA RUFINO.zip was received. It was sent by IVYNA LAVINIA DE OLIVEIRA RUFINO from IP 192.168.1.8 at 02-11-2022 17*01*39</message>
</record>
